<?xml version="1.0" encoding="UTF-8"?>
<testsuite xmlns:xsi="http://www.w3.org/2001/XMLSchema-instance" xsi:noNamespaceSchemaLocation="https://maven.apache.org/surefire/maven-surefire-plugin/xsd/surefire-test-report-3.0.xsd" version="3.0" name="com.portfolio.auth.client.ModularAuthFlowIntegrationTest" time="1.139" tests="5" errors="0" skipped="0" failures="0">
  <properties>
[...]
</properties>
  <testcase name="shouldBlockRepeatedServiceRequestId" classname="com.portfolio.auth.client.ModularAuthFlowIntegrationTest" time="0.48"/>
  <testcase name="shouldRejectAuthenticatorOutsideAllowedSkew" classname="com.portfolio.auth.client.ModularAuthFlowIntegrationTest" time="0.11"/>
  <testcase name="shouldBlockRepeatedTgsRequestId" classname="com.portfolio.auth.client.ModularAuthFlowIntegrationTest" time="0.176"/>
  <testcase name="shouldRejectUnknownServiceAtTgs" classname="com.portfolio.auth.client.ModularAuthFlowIntegrationTest" time="0.078"/>
  <testcase name="shouldCompleteFullModularFlow" classname="com.portfolio.auth.client.ModularAuthFlowIntegrationTest" time="0.272"/>
</testsuite>